<?xml version="1.0" encoding="UTF-8"?>
<testng-results ignored="0" total="4" passed="4" failed="0" skipped="0">
  <reporter-output>
  </reporter-output>
  <suite started-at="2024-01-21T00:41:55 IST" name="Default suite" finished-at="2024-01-21T00:42:05 IST" duration-ms="9688">
    <groups>
      <group name="cucumber">
        <method signature="AbstractTestNGCucumberTests.runScenario(io.cucumber.testng.PickleWrapper,io.cucumber.testng.FeatureWrapper)[pri:0, instance:TestRunner.Runner@70e9c95d]" name="runScenario" class="io.cucumber.testng.AbstractTestNGCucumberTests"/>
      </group> <!-- cucumber -->
    </groups>
    <test started-at="2024-01-21T00:41:55 IST" name="Default test" finished-at="2024-01-21T00:42:05 IST" duration-ms="9688">
      <class name="TestRunner.Runner">
        <test-method is-config="true" signature="setUpClass(org.testng.ITestContext)[pri:0, instance:TestRunner.Runner@70e9c95d]" started-at="2024-01-21T00:41:55 IST" name="setUpClass" finished-at="2024-01-21T00:41:55 IST" duration-ms="288" status="PASS">
          <params>
            <param index="0">
              <value>
                <![CDATA[org.testng.TestRunner@10c07b8d]]>
              </value>
            </param>
          </params>
          <reporter-output>
          </reporter-output>
        </test-method> <!-- setUpClass -->
        <test-method signature="runScenario(io.cucumber.testng.PickleWrapper,io.cucumber.testng.FeatureWrapper)[pri:0, instance:TestRunner.Runner@70e9c95d]" started-at="2024-01-21T00:41:55 IST" name="runScenario" description="Runs Cucumber Scenarios" data-provider="scenarios" finished-at="2024-01-21T00:42:02 IST" duration-ms="6831" status="PASS">
          <params>
            <param index="0">
              <value>
                <![CDATA["Guru99 Contact Information"]]>
              </value>
            </param>
            <param index="1">
              <value>
                <![CDATA["Guru99 Application"]]>
              </value>
            </param>
          </params>
          <reporter-output>
          </reporter-output>
        </test-method> <!-- runScenario -->
        <test-method signature="runScenario(io.cucumber.testng.PickleWrapper,io.cucumber.testng.FeatureWrapper)[pri:0, instance:TestRunner.Runner@70e9c95d]" started-at="2024-01-21T00:42:02 IST" name="runScenario" description="Runs Cucumber Scenarios" data-provider="scenarios" finished-at="2024-01-21T00:42:03 IST" duration-ms="583" status="PASS">
          <params>
            <param index="0">
              <value>
                <![CDATA["Guru99 mailing information"]]>
              </value>
            </param>
            <param index="1">
              <value>
                <![CDATA["Guru99 Application"]]>
              </value>
            </param>
          </params>
          <reporter-output>
          </reporter-output>
        </test-method> <!-- runScenario -->
        <test-method signature="runScenario(io.cucumber.testng.PickleWrapper,io.cucumber.testng.FeatureWrapper)[pri:0, instance:TestRunner.Runner@70e9c95d]" started-at="2024-01-21T00:42:03 IST" name="runScenario" description="Runs Cucumber Scenarios" data-provider="scenarios" finished-at="2024-01-21T00:42:04 IST" duration-ms="1602" status="PASS">
          <params>
            <param index="0">
              <value>
                <![CDATA["Guru99 user Information"]]>
              </value>
            </param>
            <param index="1">
              <value>
                <![CDATA["Guru99 Application"]]>
              </value>
            </param>
          </params>
          <reporter-output>
          </reporter-output>
        </test-method> <!-- runScenario -->
        <test-method signature="runScenario(io.cucumber.testng.PickleWrapper,io.cucumber.testng.FeatureWrapper)[pri:0, instance:TestRunner.Runner@70e9c95d]" started-at="2024-01-21T00:42:04 IST" name="runScenario" description="Runs Cucumber Scenarios" data-provider="scenarios" finished-at="2024-01-21T00:42:05 IST" duration-ms="341" status="PASS">
          <params>
            <param index="0">
              <value>
                <![CDATA["capture the text"]]>
              </value>
            </param>
            <param index="1">
              <value>
                <![CDATA["Guru99 Application"]]>
              </value>
            </param>
          </params>
          <reporter-output>
          </reporter-output>
        </test-method> <!-- runScenario -->
        <test-method is-config="true" signature="tearDownClass()[pri:0, instance:TestRunner.Runner@70e9c95d]" started-at="2024-01-21T00:42:05 IST" name="tearDownClass" finished-at="2024-01-21T00:42:05 IST" duration-ms="7" status="PASS">
          <reporter-output>
          </reporter-output>
        </test-method> <!-- tearDownClass -->
      </class> <!-- TestRunner.Runner -->
    </test> <!-- Default test -->
  </suite> <!-- Default suite -->
</testng-results>
