<?xml version="1.0" encoding="UTF-8"?>
<testng-results ignored="0" total="3" passed="3" failed="0" skipped="0">
  <reporter-output>
  </reporter-output>
  <suite started-at="2024-01-21T00:15:33 IST" name="Default suite" finished-at="2024-01-21T00:15:44 IST" duration-ms="10161">
    <groups>
      <group name="cucumber">
        <method signature="AbstractTestNGCucumberTests.runScenario(io.cucumber.testng.PickleWrapper,io.cucumber.testng.FeatureWrapper)[pri:0, instance:TestRunner.Runner@6221a451]" name="runScenario" class="io.cucumber.testng.AbstractTestNGCucumberTests"/>
      </group> <!-- cucumber -->
    </groups>
    <test started-at="2024-01-21T00:15:33 IST" name="Default test" finished-at="2024-01-21T00:15:44 IST" duration-ms="10161">
      <class name="TestRunner.Runner">
        <test-method is-config="true" signature="setUpClass(org.testng.ITestContext)[pri:0, instance:TestRunner.Runner@6221a451]" started-at="2024-01-21T00:15:33 IST" name="setUpClass" finished-at="2024-01-21T00:15:34 IST" duration-ms="270" status="PASS">
          <params>
            <param index="0">
              <value>
                <![CDATA[org.testng.TestRunner@119c745c]]>
              </value>
            </param>
          </params>
          <reporter-output>
          </reporter-output>
        </test-method> <!-- setUpClass -->
        <test-method signature="runScenario(io.cucumber.testng.PickleWrapper,io.cucumber.testng.FeatureWrapper)[pri:0, instance:TestRunner.Runner@6221a451]" started-at="2024-01-21T00:15:34 IST" name="runScenario" description="Runs Cucumber Scenarios" data-provider="scenarios" finished-at="2024-01-21T00:15:43 IST" duration-ms="8913" status="PASS">
          <params>
            <param index="0">
              <value>
                <![CDATA["Guru99 Contact Information"]]>
              </value>
            </param>
            <param index="1">
              <value>
                <![CDATA["Guru99 Application"]]>
              </value>
            </param>
          </params>
          <reporter-output>
          </reporter-output>
        </test-method> <!-- runScenario -->
        <test-method signature="runScenario(io.cucumber.testng.PickleWrapper,io.cucumber.testng.FeatureWrapper)[pri:0, instance:TestRunner.Runner@6221a451]" started-at="2024-01-21T00:15:43 IST" name="runScenario" description="Runs Cucumber Scenarios" data-provider="scenarios" finished-at="2024-01-21T00:15:43 IST" duration-ms="622" status="PASS">
          <params>
            <param index="0">
              <value>
                <![CDATA["Guru99 mailing information"]]>
              </value>
            </param>
            <param index="1">
              <value>
                <![CDATA["Guru99 Application"]]>
              </value>
            </param>
          </params>
          <reporter-output>
          </reporter-output>
        </test-method> <!-- runScenario -->
        <test-method signature="runScenario(io.cucumber.testng.PickleWrapper,io.cucumber.testng.FeatureWrapper)[pri:0, instance:TestRunner.Runner@6221a451]" started-at="2024-01-21T00:15:43 IST" name="runScenario" description="Runs Cucumber Scenarios" data-provider="scenarios" finished-at="2024-01-21T00:15:44 IST" duration-ms="318" status="PASS">
          <params>
            <param index="0">
              <value>
                <![CDATA["Guru99 user Information"]]>
              </value>
            </param>
            <param index="1">
              <value>
                <![CDATA["Guru99 Application"]]>
              </value>
            </param>
          </params>
          <reporter-output>
          </reporter-output>
        </test-method> <!-- runScenario -->
        <test-method is-config="true" signature="tearDownClass()[pri:0, instance:TestRunner.Runner@6221a451]" started-at="2024-01-21T00:15:44 IST" name="tearDownClass" finished-at="2024-01-21T00:15:44 IST" duration-ms="4" status="PASS">
          <reporter-output>
          </reporter-output>
        </test-method> <!-- tearDownClass -->
      </class> <!-- TestRunner.Runner -->
    </test> <!-- Default test -->
  </suite> <!-- Default suite -->
</testng-results>
